{
  error: C:\Users\User\Desktop\RSA\RSA with NODE JS\Controller\reward.js:175
        if(){
           ^
  
  SyntaxError: Unexpected token ')'
      at wrapSafe (node:internal/modules/cjs/loader:1427:18)
      at Module._compile (node:internal/modules/cjs/loader:1449:20)
      at Module._extensions..js (node:internal/modules/cjs/loader:1588:10)
      at Module.load (node:internal/modules/cjs/loader:1282:32)
      at Module._load (node:internal/modules/cjs/loader:1098:12)
      at TracingChannel.traceSync (node:diagnostics_channel:315:14)
      at wrapModuleLoad (node:internal/modules/cjs/loader:215:24)
      at Module.require (node:internal/modules/cjs/loader:1304:12)
      at require (node:internal/modules/helpers:123:16)
      at Object.<anonymous> (C:\Users\User\Desktop\RSA\RSA with NODE JS\routes\reward.js:3:20),
  level: 'error',
  message: "uncaughtException: Unexpected token ')'\n" +
    'C:\\Users\\User\\Desktop\\RSA\\RSA with NODE JS\\Controller\\reward.js:175\n' +
    '      if(){\n' +
    '         ^\n' +
    '\n' +
    "SyntaxError: Unexpected token ')'\n" +
    '    at wrapSafe (node:internal/modules/cjs/loader:1427:18)\n' +
    '    at Module._compile (node:internal/modules/cjs/loader:1449:20)\n' +
    '    at Module._extensions..js (node:internal/modules/cjs/loader:1588:10)\n' +
    '    at Module.load (node:internal/modules/cjs/loader:1282:32)\n' +
    '    at Module._load (node:internal/modules/cjs/loader:1098:12)\n' +
    '    at TracingChannel.traceSync (node:diagnostics_channel:315:14)\n' +
    '    at wrapModuleLoad (node:internal/modules/cjs/loader:215:24)\n' +
    '    at Module.require (node:internal/modules/cjs/loader:1304:12)\n' +
    '    at require (node:internal/modules/helpers:123:16)\n' +
    '    at Object.<anonymous> (C:\\Users\\User\\Desktop\\RSA\\RSA with NODE JS\\routes\\reward.js:3:20)',
  stack: 'C:\\Users\\User\\Desktop\\RSA\\RSA with NODE JS\\Controller\\reward.js:175\n' +
    '      if(){\n' +
    '         ^\n' +
    '\n' +
    "SyntaxError: Unexpected token ')'\n" +
    '    at wrapSafe (node:internal/modules/cjs/loader:1427:18)\n' +
    '    at Module._compile (node:internal/modules/cjs/loader:1449:20)\n' +
    '    at Module._extensions..js (node:internal/modules/cjs/loader:1588:10)\n' +
    '    at Module.load (node:internal/modules/cjs/loader:1282:32)\n' +
    '    at Module._load (node:internal/modules/cjs/loader:1098:12)\n' +
    '    at TracingChannel.traceSync (node:diagnostics_channel:315:14)\n' +
    '    at wrapModuleLoad (node:internal/modules/cjs/loader:215:24)\n' +
    '    at Module.require (node:internal/modules/cjs/loader:1304:12)\n' +
    '    at require (node:internal/modules/helpers:123:16)\n' +
    '    at Object.<anonymous> (C:\\Users\\User\\Desktop\\RSA\\RSA with NODE JS\\routes\\reward.js:3:20)',
  exception: true,
  date: 'Tue Apr 29 2025 14:55:45 GMT+0530 (India Standard Time)',
  process: {
    pid: 3188,
    uid: null,
    gid: null,
    cwd: 'C:\\Users\\User\\Desktop\\RSA\\RSA with NODE JS',
    execPath: 'C:\\Program Files\\nodejs\\node.exe',
    version: 'v22.5.1',
    argv: [
      'C:\\Program Files\\nodejs\\node.exe',
      'C:\\Users\\User\\Desktop\\RSA\\RSA with NODE JS\\bin\\www'
    ],
    memoryUsage: {
      rss: 106676224,
      heapTotal: 66666496,
      heapUsed: 47381000,
      external: 21600513,
      arrayBuffers: 18313050
    }
  },
  os: { loadavg: [ 0, 0, 0 ], uptime: 264408.843 },
  trace: [
    {
      column: 18,
      file: 'node:internal/modules/cjs/loader',
      function: 'wrapSafe',
      line: 1427,
      method: null,
      native: false
    },
    {
      column: 20,
      file: 'node:internal/modules/cjs/loader',
      function: 'Module._compile',
      line: 1449,
      method: '_compile',
      native: false
    },
    {
      column: 10,
      file: 'node:internal/modules/cjs/loader',
      function: 'Module._extensions..js',
      line: 1588,
      method: '.js',
      native: false
    },
    {
      column: 32,
      file: 'node:internal/modules/cjs/loader',
      function: 'Module.load',
      line: 1282,
      method: 'load',
      native: false
    },
    {
      column: 12,
      file: 'node:internal/modules/cjs/loader',
      function: 'Module._load',
      line: 1098,
      method: '_load',
      native: false
    },
    {
      column: 14,
      file: 'node:diagnostics_channel',
      function: 'TracingChannel.traceSync',
      line: 315,
      method: 'traceSync',
      native: false
    },
    {
      column: 24,
      file: 'node:internal/modules/cjs/loader',
      function: 'wrapModuleLoad',
      line: 215,
      method: null,
      native: false
    },
    {
      column: 12,
      file: 'node:internal/modules/cjs/loader',
      function: 'Module.require',
      line: 1304,
      method: 'require',
      native: false
    },
    {
      column: 16,
      file: 'node:internal/modules/helpers',
      function: 'require',
      line: 123,
      method: null,
      native: false
    },
    {
      column: 20,
      file: 'C:\\Users\\User\\Desktop\\RSA\\RSA with NODE JS\\routes\\reward.js',
      function: null,
      line: 3,
      method: null,
      native: false
    }
  ],
  timestamp: '2025-04-29T09:25:45.110Z'
}
{
  error: C:\Users\User\Desktop\RSA\RSA with NODE JS\Controller\reward.js:175
        if(){
           ^
  
  SyntaxError: Unexpected token ')'
      at wrapSafe (node:internal/modules/cjs/loader:1427:18)
      at Module._compile (node:internal/modules/cjs/loader:1449:20)
      at Module._extensions..js (node:internal/modules/cjs/loader:1588:10)
      at Module.load (node:internal/modules/cjs/loader:1282:32)
      at Module._load (node:internal/modules/cjs/loader:1098:12)
      at TracingChannel.traceSync (node:diagnostics_channel:315:14)
      at wrapModuleLoad (node:internal/modules/cjs/loader:215:24)
      at Module.require (node:internal/modules/cjs/loader:1304:12)
      at require (node:internal/modules/helpers:123:16)
      at Object.<anonymous> (C:\Users\User\Desktop\RSA\RSA with NODE JS\routes\reward.js:3:20),
  level: 'error',
  message: "uncaughtException: Unexpected token ')'\n" +
    'C:\\Users\\User\\Desktop\\RSA\\RSA with NODE JS\\Controller\\reward.js:175\n' +
    '      if(){\n' +
    '         ^\n' +
    '\n' +
    "SyntaxError: Unexpected token ')'\n" +
    '    at wrapSafe (node:internal/modules/cjs/loader:1427:18)\n' +
    '    at Module._compile (node:internal/modules/cjs/loader:1449:20)\n' +
    '    at Module._extensions..js (node:internal/modules/cjs/loader:1588:10)\n' +
    '    at Module.load (node:internal/modules/cjs/loader:1282:32)\n' +
    '    at Module._load (node:internal/modules/cjs/loader:1098:12)\n' +
    '    at TracingChannel.traceSync (node:diagnostics_channel:315:14)\n' +
    '    at wrapModuleLoad (node:internal/modules/cjs/loader:215:24)\n' +
    '    at Module.require (node:internal/modules/cjs/loader:1304:12)\n' +
    '    at require (node:internal/modules/helpers:123:16)\n' +
    '    at Object.<anonymous> (C:\\Users\\User\\Desktop\\RSA\\RSA with NODE JS\\routes\\reward.js:3:20)',
  stack: 'C:\\Users\\User\\Desktop\\RSA\\RSA with NODE JS\\Controller\\reward.js:175\n' +
    '      if(){\n' +
    '         ^\n' +
    '\n' +
    "SyntaxError: Unexpected token ')'\n" +
    '    at wrapSafe (node:internal/modules/cjs/loader:1427:18)\n' +
    '    at Module._compile (node:internal/modules/cjs/loader:1449:20)\n' +
    '    at Module._extensions..js (node:internal/modules/cjs/loader:1588:10)\n' +
    '    at Module.load (node:internal/modules/cjs/loader:1282:32)\n' +
    '    at Module._load (node:internal/modules/cjs/loader:1098:12)\n' +
    '    at TracingChannel.traceSync (node:diagnostics_channel:315:14)\n' +
    '    at wrapModuleLoad (node:internal/modules/cjs/loader:215:24)\n' +
    '    at Module.require (node:internal/modules/cjs/loader:1304:12)\n' +
    '    at require (node:internal/modules/helpers:123:16)\n' +
    '    at Object.<anonymous> (C:\\Users\\User\\Desktop\\RSA\\RSA with NODE JS\\routes\\reward.js:3:20)',
  exception: true,
  date: 'Tue Apr 29 2025 14:55:51 GMT+0530 (India Standard Time)',
  process: {
    pid: 244,
    uid: null,
    gid: null,
    cwd: 'C:\\Users\\User\\Desktop\\RSA\\RSA with NODE JS',
    execPath: 'C:\\Program Files\\nodejs\\node.exe',
    version: 'v22.5.1',
    argv: [
      'C:\\Program Files\\nodejs\\node.exe',
      'C:\\Users\\User\\Desktop\\RSA\\RSA with NODE JS\\bin\\www'
    ],
    memoryUsage: {
      rss: 109932544,
      heapTotal: 66666496,
      heapUsed: 42182464,
      external: 21600511,
      arrayBuffers: 18313048
    }
  },
  os: { loadavg: [ 0, 0, 0 ], uptime: 264415.171 },
  trace: [
    {
      column: 18,
      file: 'node:internal/modules/cjs/loader',
      function: 'wrapSafe',
      line: 1427,
      method: null,
      native: false
    },
    {
      column: 20,
      file: 'node:internal/modules/cjs/loader',
      function: 'Module._compile',
      line: 1449,
      method: '_compile',
      native: false
    },
    {
      column: 10,
      file: 'node:internal/modules/cjs/loader',
      function: 'Module._extensions..js',
      line: 1588,
      method: '.js',
      native: false
    },
    {
      column: 32,
      file: 'node:internal/modules/cjs/loader',
      function: 'Module.load',
      line: 1282,
      method: 'load',
      native: false
    },
    {
      column: 12,
      file: 'node:internal/modules/cjs/loader',
      function: 'Module._load',
      line: 1098,
      method: '_load',
      native: false
    },
    {
      column: 14,
      file: 'node:diagnostics_channel',
      function: 'TracingChannel.traceSync',
      line: 315,
      method: 'traceSync',
      native: false
    },
    {
      column: 24,
      file: 'node:internal/modules/cjs/loader',
      function: 'wrapModuleLoad',
      line: 215,
      method: null,
      native: false
    },
    {
      column: 12,
      file: 'node:internal/modules/cjs/loader',
      function: 'Module.require',
      line: 1304,
      method: 'require',
      native: false
    },
    {
      column: 16,
      file: 'node:internal/modules/helpers',
      function: 'require',
      line: 123,
      method: null,
      native: false
    },
    {
      column: 20,
      file: 'C:\\Users\\User\\Desktop\\RSA\\RSA with NODE JS\\routes\\reward.js',
      function: null,
      line: 3,
      method: null,
      native: false
    }
  ],
  timestamp: '2025-04-29T09:25:51.440Z'
}
{
  error: C:\Users\User\Desktop\RSA\RSA with NODE JS\Controller\reward.js:175
        if () {
            ^
  
  SyntaxError: Unexpected token ')'
      at wrapSafe (node:internal/modules/cjs/loader:1427:18)
      at Module._compile (node:internal/modules/cjs/loader:1449:20)
      at Module._extensions..js (node:internal/modules/cjs/loader:1588:10)
      at Module.load (node:internal/modules/cjs/loader:1282:32)
      at Module._load (node:internal/modules/cjs/loader:1098:12)
      at TracingChannel.traceSync (node:diagnostics_channel:315:14)
      at wrapModuleLoad (node:internal/modules/cjs/loader:215:24)
      at Module.require (node:internal/modules/cjs/loader:1304:12)
      at require (node:internal/modules/helpers:123:16)
      at Object.<anonymous> (C:\Users\User\Desktop\RSA\RSA with NODE JS\routes\reward.js:3:20),
  level: 'error',
  message: "uncaughtException: Unexpected token ')'\n" +
    'C:\\Users\\User\\Desktop\\RSA\\RSA with NODE JS\\Controller\\reward.js:175\n' +
    '      if () {\n' +
    '          ^\n' +
    '\n' +
    "SyntaxError: Unexpected token ')'\n" +
    '    at wrapSafe (node:internal/modules/cjs/loader:1427:18)\n' +
    '    at Module._compile (node:internal/modules/cjs/loader:1449:20)\n' +
    '    at Module._extensions..js (node:internal/modules/cjs/loader:1588:10)\n' +
    '    at Module.load (node:internal/modules/cjs/loader:1282:32)\n' +
    '    at Module._load (node:internal/modules/cjs/loader:1098:12)\n' +
    '    at TracingChannel.traceSync (node:diagnostics_channel:315:14)\n' +
    '    at wrapModuleLoad (node:internal/modules/cjs/loader:215:24)\n' +
    '    at Module.require (node:internal/modules/cjs/loader:1304:12)\n' +
    '    at require (node:internal/modules/helpers:123:16)\n' +
    '    at Object.<anonymous> (C:\\Users\\User\\Desktop\\RSA\\RSA with NODE JS\\routes\\reward.js:3:20)',
  stack: 'C:\\Users\\User\\Desktop\\RSA\\RSA with NODE JS\\Controller\\reward.js:175\n' +
    '      if () {\n' +
    '          ^\n' +
    '\n' +
    "SyntaxError: Unexpected token ')'\n" +
    '    at wrapSafe (node:internal/modules/cjs/loader:1427:18)\n' +
    '    at Module._compile (node:internal/modules/cjs/loader:1449:20)\n' +
    '    at Module._extensions..js (node:internal/modules/cjs/loader:1588:10)\n' +
    '    at Module.load (node:internal/modules/cjs/loader:1282:32)\n' +
    '    at Module._load (node:internal/modules/cjs/loader:1098:12)\n' +
    '    at TracingChannel.traceSync (node:diagnostics_channel:315:14)\n' +
    '    at wrapModuleLoad (node:internal/modules/cjs/loader:215:24)\n' +
    '    at Module.require (node:internal/modules/cjs/loader:1304:12)\n' +
    '    at require (node:internal/modules/helpers:123:16)\n' +
    '    at Object.<anonymous> (C:\\Users\\User\\Desktop\\RSA\\RSA with NODE JS\\routes\\reward.js:3:20)',
  exception: true,
  date: 'Tue Apr 29 2025 14:55:56 GMT+0530 (India Standard Time)',
  process: {
    pid: 14932,
    uid: null,
    gid: null,
    cwd: 'C:\\Users\\User\\Desktop\\RSA\\RSA with NODE JS',
    execPath: 'C:\\Program Files\\nodejs\\node.exe',
    version: 'v22.5.1',
    argv: [
      'C:\\Program Files\\nodejs\\node.exe',
      'C:\\Users\\User\\Desktop\\RSA\\RSA with NODE JS\\bin\\www'
    ],
    memoryUsage: {
      rss: 109752320,
      heapTotal: 66666496,
      heapUsed: 42194200,
      external: 21600511,
      arrayBuffers: 18313048
    }
  },
  os: { loadavg: [ 0, 0, 0 ], uptime: 264420.187 },
  trace: [
    {
      column: 18,
      file: 'node:internal/modules/cjs/loader',
      function: 'wrapSafe',
      line: 1427,
      method: null,
      native: false
    },
    {
      column: 20,
      file: 'node:internal/modules/cjs/loader',
      function: 'Module._compile',
      line: 1449,
      method: '_compile',
      native: false
    },
    {
      column: 10,
      file: 'node:internal/modules/cjs/loader',
      function: 'Module._extensions..js',
      line: 1588,
      method: '.js',
      native: false
    },
    {
      column: 32,
      file: 'node:internal/modules/cjs/loader',
      function: 'Module.load',
      line: 1282,
      method: 'load',
      native: false
    },
    {
      column: 12,
      file: 'node:internal/modules/cjs/loader',
      function: 'Module._load',
      line: 1098,
      method: '_load',
      native: false
    },
    {
      column: 14,
      file: 'node:diagnostics_channel',
      function: 'TracingChannel.traceSync',
      line: 315,
      method: 'traceSync',
      native: false
    },
    {
      column: 24,
      file: 'node:internal/modules/cjs/loader',
      function: 'wrapModuleLoad',
      line: 215,
      method: null,
      native: false
    },
    {
      column: 12,
      file: 'node:internal/modules/cjs/loader',
      function: 'Module.require',
      line: 1304,
      method: 'require',
      native: false
    },
    {
      column: 16,
      file: 'node:internal/modules/helpers',
      function: 'require',
      line: 123,
      method: null,
      native: false
    },
    {
      column: 20,
      file: 'C:\\Users\\User\\Desktop\\RSA\\RSA with NODE JS\\routes\\reward.js',
      function: null,
      line: 3,
      method: null,
      native: false
    }
  ],
  timestamp: '2025-04-29T09:25:56.454Z'
}
{
  error: C:\Users\User\Desktop\RSA\RSA with NODE JS\Controller\reward.js:175
        if (userModel === ) {
                          ^
  
  SyntaxError: Unexpected token ')'
      at wrapSafe (node:internal/modules/cjs/loader:1427:18)
      at Module._compile (node:internal/modules/cjs/loader:1449:20)
      at Module._extensions..js (node:internal/modules/cjs/loader:1588:10)
      at Module.load (node:internal/modules/cjs/loader:1282:32)
      at Module._load (node:internal/modules/cjs/loader:1098:12)
      at TracingChannel.traceSync (node:diagnostics_channel:315:14)
      at wrapModuleLoad (node:internal/modules/cjs/loader:215:24)
      at Module.require (node:internal/modules/cjs/loader:1304:12)
      at require (node:internal/modules/helpers:123:16)
      at Object.<anonymous> (C:\Users\User\Desktop\RSA\RSA with NODE JS\routes\reward.js:3:20),
  level: 'error',
  message: "uncaughtException: Unexpected token ')'\n" +
    'C:\\Users\\User\\Desktop\\RSA\\RSA with NODE JS\\Controller\\reward.js:175\n' +
    '      if (userModel === ) {\n' +
    '                        ^\n' +
    '\n' +
    "SyntaxError: Unexpected token ')'\n" +
    '    at wrapSafe (node:internal/modules/cjs/loader:1427:18)\n' +
    '    at Module._compile (node:internal/modules/cjs/loader:1449:20)\n' +
    '    at Module._extensions..js (node:internal/modules/cjs/loader:1588:10)\n' +
    '    at Module.load (node:internal/modules/cjs/loader:1282:32)\n' +
    '    at Module._load (node:internal/modules/cjs/loader:1098:12)\n' +
    '    at TracingChannel.traceSync (node:diagnostics_channel:315:14)\n' +
    '    at wrapModuleLoad (node:internal/modules/cjs/loader:215:24)\n' +
    '    at Module.require (node:internal/modules/cjs/loader:1304:12)\n' +
    '    at require (node:internal/modules/helpers:123:16)\n' +
    '    at Object.<anonymous> (C:\\Users\\User\\Desktop\\RSA\\RSA with NODE JS\\routes\\reward.js:3:20)',
  stack: 'C:\\Users\\User\\Desktop\\RSA\\RSA with NODE JS\\Controller\\reward.js:175\n' +
    '      if (userModel === ) {\n' +
    '                        ^\n' +
    '\n' +
    "SyntaxError: Unexpected token ')'\n" +
    '    at wrapSafe (node:internal/modules/cjs/loader:1427:18)\n' +
    '    at Module._compile (node:internal/modules/cjs/loader:1449:20)\n' +
    '    at Module._extensions..js (node:internal/modules/cjs/loader:1588:10)\n' +
    '    at Module.load (node:internal/modules/cjs/loader:1282:32)\n' +
    '    at Module._load (node:internal/modules/cjs/loader:1098:12)\n' +
    '    at TracingChannel.traceSync (node:diagnostics_channel:315:14)\n' +
    '    at wrapModuleLoad (node:internal/modules/cjs/loader:215:24)\n' +
    '    at Module.require (node:internal/modules/cjs/loader:1304:12)\n' +
    '    at require (node:internal/modules/helpers:123:16)\n' +
    '    at Object.<anonymous> (C:\\Users\\User\\Desktop\\RSA\\RSA with NODE JS\\routes\\reward.js:3:20)',
  exception: true,
  date: 'Tue Apr 29 2025 14:56:04 GMT+0530 (India Standard Time)',
  process: {
    pid: 9884,
    uid: null,
    gid: null,
    cwd: 'C:\\Users\\User\\Desktop\\RSA\\RSA with NODE JS',
    execPath: 'C:\\Program Files\\nodejs\\node.exe',
    version: 'v22.5.1',
    argv: [
      'C:\\Program Files\\nodejs\\node.exe',
      'C:\\Users\\User\\Desktop\\RSA\\RSA with NODE JS\\bin\\www'
    ],
    memoryUsage: {
      rss: 109629440,
      heapTotal: 66404352,
      heapUsed: 42054152,
      external: 21600511,
      arrayBuffers: 18313048
    }
  },
  os: { loadavg: [ 0, 0, 0 ], uptime: 264428.5 },
  trace: [
    {
      column: 18,
      file: 'node:internal/modules/cjs/loader',
      function: 'wrapSafe',
      line: 1427,
      method: null,
      native: false
    },
    {
      column: 20,
      file: 'node:internal/modules/cjs/loader',
      function: 'Module._compile',
      line: 1449,
      method: '_compile',
      native: false
    },
    {
      column: 10,
      file: 'node:internal/modules/cjs/loader',
      function: 'Module._extensions..js',
      line: 1588,
      method: '.js',
      native: false
    },
    {
      column: 32,
      file: 'node:internal/modules/cjs/loader',
      function: 'Module.load',
      line: 1282,
      method: 'load',
      native: false
    },
    {
      column: 12,
      file: 'node:internal/modules/cjs/loader',
      function: 'Module._load',
      line: 1098,
      method: '_load',
      native: false
    },
    {
      column: 14,
      file: 'node:diagnostics_channel',
      function: 'TracingChannel.traceSync',
      line: 315,
      method: 'traceSync',
      native: false
    },
    {
      column: 24,
      file: 'node:internal/modules/cjs/loader',
      function: 'wrapModuleLoad',
      line: 215,
      method: null,
      native: false
    },
    {
      column: 12,
      file: 'node:internal/modules/cjs/loader',
      function: 'Module.require',
      line: 1304,
      method: 'require',
      native: false
    },
    {
      column: 16,
      file: 'node:internal/modules/helpers',
      function: 'require',
      line: 123,
      method: null,
      native: false
    },
    {
      column: 20,
      file: 'C:\\Users\\User\\Desktop\\RSA\\RSA with NODE JS\\routes\\reward.js',
      function: null,
      line: 3,
      method: null,
      native: false
    }
  ],
  timestamp: '2025-04-29T09:26:04.770Z'
}
{
  error: C:\Users\User\Desktop\RSA\RSA with NODE JS\Controller\reward.js:174
        let useAblePoints user.rewardPoints
                          ^^^^
  
  SyntaxError: Unexpected identifier 'user'
      at wrapSafe (node:internal/modules/cjs/loader:1427:18)
      at Module._compile (node:internal/modules/cjs/loader:1449:20)
      at Module._extensions..js (node:internal/modules/cjs/loader:1588:10)
      at Module.load (node:internal/modules/cjs/loader:1282:32)
      at Module._load (node:internal/modules/cjs/loader:1098:12)
      at TracingChannel.traceSync (node:diagnostics_channel:315:14)
      at wrapModuleLoad (node:internal/modules/cjs/loader:215:24)
      at Module.require (node:internal/modules/cjs/loader:1304:12)
      at require (node:internal/modules/helpers:123:16)
      at Object.<anonymous> (C:\Users\User\Desktop\RSA\RSA with NODE JS\routes\reward.js:3:20),
  level: 'error',
  message: "uncaughtException: Unexpected identifier 'user'\n" +
    'C:\\Users\\User\\Desktop\\RSA\\RSA with NODE JS\\Controller\\reward.js:174\n' +
    '      let useAblePoints user.rewardPoints\n' +
    '                        ^^^^\n' +
    '\n' +
    "SyntaxError: Unexpected identifier 'user'\n" +
    '    at wrapSafe (node:internal/modules/cjs/loader:1427:18)\n' +
    '    at Module._compile (node:internal/modules/cjs/loader:1449:20)\n' +
    '    at Module._extensions..js (node:internal/modules/cjs/loader:1588:10)\n' +
    '    at Module.load (node:internal/modules/cjs/loader:1282:32)\n' +
    '    at Module._load (node:internal/modules/cjs/loader:1098:12)\n' +
    '    at TracingChannel.traceSync (node:diagnostics_channel:315:14)\n' +
    '    at wrapModuleLoad (node:internal/modules/cjs/loader:215:24)\n' +
    '    at Module.require (node:internal/modules/cjs/loader:1304:12)\n' +
    '    at require (node:internal/modules/helpers:123:16)\n' +
    '    at Object.<anonymous> (C:\\Users\\User\\Desktop\\RSA\\RSA with NODE JS\\routes\\reward.js:3:20)',
  stack: 'C:\\Users\\User\\Desktop\\RSA\\RSA with NODE JS\\Controller\\reward.js:174\n' +
    '      let useAblePoints user.rewardPoints\n' +
    '                        ^^^^\n' +
    '\n' +
    "SyntaxError: Unexpected identifier 'user'\n" +
    '    at wrapSafe (node:internal/modules/cjs/loader:1427:18)\n' +
    '    at Module._compile (node:internal/modules/cjs/loader:1449:20)\n' +
    '    at Module._extensions..js (node:internal/modules/cjs/loader:1588:10)\n' +
    '    at Module.load (node:internal/modules/cjs/loader:1282:32)\n' +
    '    at Module._load (node:internal/modules/cjs/loader:1098:12)\n' +
    '    at TracingChannel.traceSync (node:diagnostics_channel:315:14)\n' +
    '    at wrapModuleLoad (node:internal/modules/cjs/loader:215:24)\n' +
    '    at Module.require (node:internal/modules/cjs/loader:1304:12)\n' +
    '    at require (node:internal/modules/helpers:123:16)\n' +
    '    at Object.<anonymous> (C:\\Users\\User\\Desktop\\RSA\\RSA with NODE JS\\routes\\reward.js:3:20)',
  exception: true,
  date: 'Tue Apr 29 2025 14:56:15 GMT+0530 (India Standard Time)',
  process: {
    pid: 10516,
    uid: null,
    gid: null,
    cwd: 'C:\\Users\\User\\Desktop\\RSA\\RSA with NODE JS',
    execPath: 'C:\\Program Files\\nodejs\\node.exe',
    version: 'v22.5.1',
    argv: [
      'C:\\Program Files\\nodejs\\node.exe',
      'C:\\Users\\User\\Desktop\\RSA\\RSA with NODE JS\\bin\\www'
    ],
    memoryUsage: {
      rss: 109797376,
      heapTotal: 66666496,
      heapUsed: 42224528,
      external: 21600511,
      arrayBuffers: 18313048
    }
  },
  os: { loadavg: [ 0, 0, 0 ], uptime: 264439.156 },
  trace: [
    {
      column: 18,
      file: 'node:internal/modules/cjs/loader',
      function: 'wrapSafe',
      line: 1427,
      method: null,
      native: false
    },
    {
      column: 20,
      file: 'node:internal/modules/cjs/loader',
      function: 'Module._compile',
      line: 1449,
      method: '_compile',
      native: false
    },
    {
      column: 10,
      file: 'node:internal/modules/cjs/loader',
      function: 'Module._extensions..js',
      line: 1588,
      method: '.js',
      native: false
    },
    {
      column: 32,
      file: 'node:internal/modules/cjs/loader',
      function: 'Module.load',
      line: 1282,
      method: 'load',
      native: false
    },
    {
      column: 12,
      file: 'node:internal/modules/cjs/loader',
      function: 'Module._load',
      line: 1098,
      method: '_load',
      native: false
    },
    {
      column: 14,
      file: 'node:diagnostics_channel',
      function: 'TracingChannel.traceSync',
      line: 315,
      method: 'traceSync',
      native: false
    },
    {
      column: 24,
      file: 'node:internal/modules/cjs/loader',
      function: 'wrapModuleLoad',
      line: 215,
      method: null,
      native: false
    },
    {
      column: 12,
      file: 'node:internal/modules/cjs/loader',
      function: 'Module.require',
      line: 1304,
      method: 'require',
      native: false
    },
    {
      column: 16,
      file: 'node:internal/modules/helpers',
      function: 'require',
      line: 123,
      method: null,
      native: false
    },
    {
      column: 20,
      file: 'C:\\Users\\User\\Desktop\\RSA\\RSA with NODE JS\\routes\\reward.js',
      function: null,
      line: 3,
      method: null,
      native: false
    }
  ],
  timestamp: '2025-04-29T09:26:15.428Z'
}
{
  error: C:\Users\User\Desktop\RSA\RSA with NODE JS\Controller\reward.js:174
        let useAblePoints user.rewardPoints
                          ^^^^
  
  SyntaxError: Unexpected identifier 'user'
      at wrapSafe (node:internal/modules/cjs/loader:1427:18)
      at Module._compile (node:internal/modules/cjs/loader:1449:20)
      at Module._extensions..js (node:internal/modules/cjs/loader:1588:10)
      at Module.load (node:internal/modules/cjs/loader:1282:32)
      at Module._load (node:internal/modules/cjs/loader:1098:12)
      at TracingChannel.traceSync (node:diagnostics_channel:315:14)
      at wrapModuleLoad (node:internal/modules/cjs/loader:215:24)
      at Module.require (node:internal/modules/cjs/loader:1304:12)
      at require (node:internal/modules/helpers:123:16)
      at Object.<anonymous> (C:\Users\User\Desktop\RSA\RSA with NODE JS\routes\reward.js:3:20),
  level: 'error',
  message: "uncaughtException: Unexpected identifier 'user'\n" +
    'C:\\Users\\User\\Desktop\\RSA\\RSA with NODE JS\\Controller\\reward.js:174\n' +
    '      let useAblePoints user.rewardPoints\n' +
    '                        ^^^^\n' +
    '\n' +
    "SyntaxError: Unexpected identifier 'user'\n" +
    '    at wrapSafe (node:internal/modules/cjs/loader:1427:18)\n' +
    '    at Module._compile (node:internal/modules/cjs/loader:1449:20)\n' +
    '    at Module._extensions..js (node:internal/modules/cjs/loader:1588:10)\n' +
    '    at Module.load (node:internal/modules/cjs/loader:1282:32)\n' +
    '    at Module._load (node:internal/modules/cjs/loader:1098:12)\n' +
    '    at TracingChannel.traceSync (node:diagnostics_channel:315:14)\n' +
    '    at wrapModuleLoad (node:internal/modules/cjs/loader:215:24)\n' +
    '    at Module.require (node:internal/modules/cjs/loader:1304:12)\n' +
    '    at require (node:internal/modules/helpers:123:16)\n' +
    '    at Object.<anonymous> (C:\\Users\\User\\Desktop\\RSA\\RSA with NODE JS\\routes\\reward.js:3:20)',
  stack: 'C:\\Users\\User\\Desktop\\RSA\\RSA with NODE JS\\Controller\\reward.js:174\n' +
    '      let useAblePoints user.rewardPoints\n' +
    '                        ^^^^\n' +
    '\n' +
    "SyntaxError: Unexpected identifier 'user'\n" +
    '    at wrapSafe (node:internal/modules/cjs/loader:1427:18)\n' +
    '    at Module._compile (node:internal/modules/cjs/loader:1449:20)\n' +
    '    at Module._extensions..js (node:internal/modules/cjs/loader:1588:10)\n' +
    '    at Module.load (node:internal/modules/cjs/loader:1282:32)\n' +
    '    at Module._load (node:internal/modules/cjs/loader:1098:12)\n' +
    '    at TracingChannel.traceSync (node:diagnostics_channel:315:14)\n' +
    '    at wrapModuleLoad (node:internal/modules/cjs/loader:215:24)\n' +
    '    at Module.require (node:internal/modules/cjs/loader:1304:12)\n' +
    '    at require (node:internal/modules/helpers:123:16)\n' +
    '    at Object.<anonymous> (C:\\Users\\User\\Desktop\\RSA\\RSA with NODE JS\\routes\\reward.js:3:20)',
  exception: true,
  date: 'Tue Apr 29 2025 14:56:23 GMT+0530 (India Standard Time)',
  process: {
    pid: 13108,
    uid: null,
    gid: null,
    cwd: 'C:\\Users\\User\\Desktop\\RSA\\RSA with NODE JS',
    execPath: 'C:\\Program Files\\nodejs\\node.exe',
    version: 'v22.5.1',
    argv: [
      'C:\\Program Files\\nodejs\\node.exe',
      'C:\\Users\\User\\Desktop\\RSA\\RSA with NODE JS\\bin\\www'
    ],
    memoryUsage: {
      rss: 109613056,
      heapTotal: 66666496,
      heapUsed: 41989168,
      external: 21600511,
      arrayBuffers: 18313048
    }
  },
  os: { loadavg: [ 0, 0, 0 ], uptime: 264446.984 },
  trace: [
    {
      column: 18,
      file: 'node:internal/modules/cjs/loader',
      function: 'wrapSafe',
      line: 1427,
      method: null,
      native: false
    },
    {
      column: 20,
      file: 'node:internal/modules/cjs/loader',
      function: 'Module._compile',
      line: 1449,
      method: '_compile',
      native: false
    },
    {
      column: 10,
      file: 'node:internal/modules/cjs/loader',
      function: 'Module._extensions..js',
      line: 1588,
      method: '.js',
      native: false
    },
    {
      column: 32,
      file: 'node:internal/modules/cjs/loader',
      function: 'Module.load',
      line: 1282,
      method: 'load',
      native: false
    },
    {
      column: 12,
      file: 'node:internal/modules/cjs/loader',
      function: 'Module._load',
      line: 1098,
      method: '_load',
      native: false
    },
    {
      column: 14,
      file: 'node:diagnostics_channel',
      function: 'TracingChannel.traceSync',
      line: 315,
      method: 'traceSync',
      native: false
    },
    {
      column: 24,
      file: 'node:internal/modules/cjs/loader',
      function: 'wrapModuleLoad',
      line: 215,
      method: null,
      native: false
    },
    {
      column: 12,
      file: 'node:internal/modules/cjs/loader',
      function: 'Module.require',
      line: 1304,
      method: 'require',
      native: false
    },
    {
      column: 16,
      file: 'node:internal/modules/helpers',
      function: 'require',
      line: 123,
      method: null,
      native: false
    },
    {
      column: 20,
      file: 'C:\\Users\\User\\Desktop\\RSA\\RSA with NODE JS\\routes\\reward.js',
      function: null,
      line: 3,
      method: null,
      native: false
    }
  ],
  timestamp: '2025-04-29T09:26:23.254Z'
}
{
  error: C:\Users\User\Desktop\RSA\RSA with NODE JS\Controller\reward.js:179
          if () {
              ^
  
  SyntaxError: Unexpected token ')'
      at wrapSafe (node:internal/modules/cjs/loader:1427:18)
      at Module._compile (node:internal/modules/cjs/loader:1449:20)
      at Module._extensions..js (node:internal/modules/cjs/loader:1588:10)
      at Module.load (node:internal/modules/cjs/loader:1282:32)
      at Module._load (node:internal/modules/cjs/loader:1098:12)
      at TracingChannel.traceSync (node:diagnostics_channel:315:14)
      at wrapModuleLoad (node:internal/modules/cjs/loader:215:24)
      at Module.require (node:internal/modules/cjs/loader:1304:12)
      at require (node:internal/modules/helpers:123:16)
      at Object.<anonymous> (C:\Users\User\Desktop\RSA\RSA with NODE JS\routes\reward.js:3:20),
  level: 'error',
  message: "uncaughtException: Unexpected token ')'\n" +
    'C:\\Users\\User\\Desktop\\RSA\\RSA with NODE JS\\Controller\\reward.js:179\n' +
    '        if () {\n' +
    '            ^\n' +
    '\n' +
    "SyntaxError: Unexpected token ')'\n" +
    '    at wrapSafe (node:internal/modules/cjs/loader:1427:18)\n' +
    '    at Module._compile (node:internal/modules/cjs/loader:1449:20)\n' +
    '    at Module._extensions..js (node:internal/modules/cjs/loader:1588:10)\n' +
    '    at Module.load (node:internal/modules/cjs/loader:1282:32)\n' +
    '    at Module._load (node:internal/modules/cjs/loader:1098:12)\n' +
    '    at TracingChannel.traceSync (node:diagnostics_channel:315:14)\n' +
    '    at wrapModuleLoad (node:internal/modules/cjs/loader:215:24)\n' +
    '    at Module.require (node:internal/modules/cjs/loader:1304:12)\n' +
    '    at require (node:internal/modules/helpers:123:16)\n' +
    '    at Object.<anonymous> (C:\\Users\\User\\Desktop\\RSA\\RSA with NODE JS\\routes\\reward.js:3:20)',
  stack: 'C:\\Users\\User\\Desktop\\RSA\\RSA with NODE JS\\Controller\\reward.js:179\n' +
    '        if () {\n' +
    '            ^\n' +
    '\n' +
    "SyntaxError: Unexpected token ')'\n" +
    '    at wrapSafe (node:internal/modules/cjs/loader:1427:18)\n' +
    '    at Module._compile (node:internal/modules/cjs/loader:1449:20)\n' +
    '    at Module._extensions..js (node:internal/modules/cjs/loader:1588:10)\n' +
    '    at Module.load (node:internal/modules/cjs/loader:1282:32)\n' +
    '    at Module._load (node:internal/modules/cjs/loader:1098:12)\n' +
    '    at TracingChannel.traceSync (node:diagnostics_channel:315:14)\n' +
    '    at wrapModuleLoad (node:internal/modules/cjs/loader:215:24)\n' +
    '    at Module.require (node:internal/modules/cjs/loader:1304:12)\n' +
    '    at require (node:internal/modules/helpers:123:16)\n' +
    '    at Object.<anonymous> (C:\\Users\\User\\Desktop\\RSA\\RSA with NODE JS\\routes\\reward.js:3:20)',
  exception: true,
  date: 'Tue Apr 29 2025 14:58:38 GMT+0530 (India Standard Time)',
  process: {
    pid: 13348,
    uid: null,
    gid: null,
    cwd: 'C:\\Users\\User\\Desktop\\RSA\\RSA with NODE JS',
    execPath: 'C:\\Program Files\\nodejs\\node.exe',
    version: 'v22.5.1',
    argv: [
      'C:\\Program Files\\nodejs\\node.exe',
      'C:\\Users\\User\\Desktop\\RSA\\RSA with NODE JS\\bin\\www'
    ],
    memoryUsage: {
      rss: 109543424,
      heapTotal: 66666496,
      heapUsed: 41967904,
      external: 21600511,
      arrayBuffers: 18313048
    }
  },
  os: { loadavg: [ 0, 0, 0 ], uptime: 264582.031 },
  trace: [
    {
      column: 18,
      file: 'node:internal/modules/cjs/loader',
      function: 'wrapSafe',
      line: 1427,
      method: null,
      native: false
    },
    {
      column: 20,
      file: 'node:internal/modules/cjs/loader',
      function: 'Module._compile',
      line: 1449,
      method: '_compile',
      native: false
    },
    {
      column: 10,
      file: 'node:internal/modules/cjs/loader',
      function: 'Module._extensions..js',
      line: 1588,
      method: '.js',
      native: false
    },
    {
      column: 32,
      file: 'node:internal/modules/cjs/loader',
      function: 'Module.load',
      line: 1282,
      method: 'load',
      native: false
    },
    {
      column: 12,
      file: 'node:internal/modules/cjs/loader',
      function: 'Module._load',
      line: 1098,
      method: '_load',
      native: false
    },
    {
      column: 14,
      file: 'node:diagnostics_channel',
      function: 'TracingChannel.traceSync',
      line: 315,
      method: 'traceSync',
      native: false
    },
    {
      column: 24,
      file: 'node:internal/modules/cjs/loader',
      function: 'wrapModuleLoad',
      line: 215,
      method: null,
      native: false
    },
    {
      column: 12,
      file: 'node:internal/modules/cjs/loader',
      function: 'Module.require',
      line: 1304,
      method: 'require',
      native: false
    },
    {
      column: 16,
      file: 'node:internal/modules/helpers',
      function: 'require',
      line: 123,
      method: null,
      native: false
    },
    {
      column: 20,
      file: 'C:\\Users\\User\\Desktop\\RSA\\RSA with NODE JS\\routes\\reward.js',
      function: null,
      line: 3,
      method: null,
      native: false
    }
  ],
  timestamp: '2025-04-29T09:28:38.302Z'
}
